21:12:41 INFO  [io.quarkus]] (Quarkus Main Thread) theateros 1.0-SNAPSHOT on JVM (powered by Quarkus 2.16.7.Final) started in 1.589s. Listening on: http://localhost:8080
21:12:41 INFO  [io.quarkus]] (Quarkus Main Thread) Profile dev activated. Live Coding activated.
21:12:41 INFO  [io.quarkus]] (Quarkus Main Thread) Installed features: [agroal, cdi, hibernate-orm, hibernate-orm-panache, jdbc-postgresql, narayana-jta, resteasy, resteasy-jsonb, smallrye-context-propagation, smallrye-openapi, swagger-ui, vertx]
21:12:41 INFO  [io.qu.de.de.RuntimeUpdatesProcessor]] (vert.x-worker-thread-0) Live reload total time: 3.467s 
21:12:41 INFO  [de.hs.sw.jo.th.pl.bo.re.ap.PlayResourceApi]] (executor-thread-0) null
21:12:41 INFO  [de.hs.sw.jo.th.pl.bo.re.ap.PlayResourceApi]] (executor-thread-0) null
21:12:41 INFO  [de.hs.sw.jo.th.pl.bo.re.ap.PlayResourceApi]] (executor-thread-0) PageNumber: 1
21:12:41 INFO  [de.hs.sw.jo.th.pl.bo.re.ap.PlayResourceApi]] (executor-thread-0) PageSize: 10
21:12:41 INFO  [de.hs.sw.jo.th.pl.bo.re.ap.PlayResourceApi]] (executor-thread-0) Size: 71
21:13:39 INFO  [de.hs.sw.jo.th.pl.bo.re.ap.PlayResourceApi]] (executor-thread-0) null
21:13:39 INFO  [de.hs.sw.jo.th.pl.bo.re.ap.PlayResourceApi]] (executor-thread-0) null
21:13:39 INFO  [de.hs.sw.jo.th.pl.bo.re.ap.PlayResourceApi]] (executor-thread-0) PageNumber: 0
21:13:39 INFO  [de.hs.sw.jo.th.pl.bo.re.ap.PlayResourceApi]] (executor-thread-0) PageSize: 10
21:13:39 INFO  [de.hs.sw.jo.th.pl.bo.re.ap.PlayResourceApi]] (executor-thread-0) Size: 71
21:14:05 INFO  [de.hs.sw.jo.th.pl.bo.re.ap.PlayResourceApi]] (executor-thread-0) null
21:14:05 INFO  [de.hs.sw.jo.th.pl.bo.re.ap.PlayResourceApi]] (executor-thread-0) null
21:14:05 INFO  [de.hs.sw.jo.th.pl.bo.re.ap.PlayResourceApi]] (executor-thread-0) PageNumber: 0
21:14:05 INFO  [de.hs.sw.jo.th.pl.bo.re.ap.PlayResourceApi]] (executor-thread-0) PageSize: 10
21:14:05 INFO  [de.hs.sw.jo.th.pl.bo.re.ap.PlayResourceApi]] (executor-thread-0) Size: 71
21:14:11 INFO  [de.hs.sw.jo.th.pl.bo.re.ap.PlayResourceApi]] (executor-thread-0) null
21:14:11 INFO  [de.hs.sw.jo.th.pl.bo.re.ap.PlayResourceApi]] (executor-thread-0) null
21:14:11 INFO  [de.hs.sw.jo.th.pl.bo.re.ap.PlayResourceApi]] (executor-thread-0) PageNumber: 1
21:14:11 INFO  [de.hs.sw.jo.th.pl.bo.re.ap.PlayResourceApi]] (executor-thread-0) PageSize: 10
21:14:11 INFO  [de.hs.sw.jo.th.pl.bo.re.ap.PlayResourceApi]] (executor-thread-0) Size: 71
21:14:17 INFO  [de.hs.sw.jo.th.pl.bo.re.ap.PlayResourceApi]] (executor-thread-0) null
21:14:17 INFO  [de.hs.sw.jo.th.pl.bo.re.ap.PlayResourceApi]] (executor-thread-0) null
21:14:17 INFO  [de.hs.sw.jo.th.pl.bo.re.ap.PlayResourceApi]] (executor-thread-0) PageNumber: 7
21:14:17 INFO  [de.hs.sw.jo.th.pl.bo.re.ap.PlayResourceApi]] (executor-thread-0) PageSize: 10
21:14:17 INFO  [de.hs.sw.jo.th.pl.bo.re.ap.PlayResourceApi]] (executor-thread-0) Size: 71
21:14:41 INFO  [de.hs.sw.jo.th.pl.bo.re.ap.PlayResourceApi]] (executor-thread-0) null
21:14:41 INFO  [de.hs.sw.jo.th.pl.bo.re.ap.PlayResourceApi]] (executor-thread-0) null
21:14:41 INFO  [de.hs.sw.jo.th.pl.bo.re.ap.PlayResourceApi]] (executor-thread-0) PageNumber: 0
21:14:41 INFO  [de.hs.sw.jo.th.pl.bo.re.ap.PlayResourceApi]] (executor-thread-0) PageSize: 20
21:14:41 INFO  [de.hs.sw.jo.th.pl.bo.re.ap.PlayResourceApi]] (executor-thread-0) Size: 71
21:15:01 INFO  [de.hs.sw.jo.th.pl.bo.re.ap.PlayResourceApi]] (executor-thread-0) null
21:15:01 INFO  [de.hs.sw.jo.th.pl.bo.re.ap.PlayResourceApi]] (executor-thread-0) null
21:15:01 INFO  [de.hs.sw.jo.th.pl.bo.re.ap.PlayResourceApi]] (executor-thread-0) PageNumber: 3
21:15:01 INFO  [de.hs.sw.jo.th.pl.bo.re.ap.PlayResourceApi]] (executor-thread-0) PageSize: 20
21:15:01 INFO  [de.hs.sw.jo.th.pl.bo.re.ap.PlayResourceApi]] (executor-thread-0) Size: 71
